<?xml version="1.0" encoding="UTF-8"?>
<testng-results skipped="1" failed="1" total="2" passed="0">
  <reporter-output>
    <line>
      <![CDATA[Loaded the URL  https://192.168.10.249/index.html]]>
    </line>
    <line>
      <![CDATA[Started testing on  https://192.168.10.249/index.html]]>
    </line>
    <line>
      <![CDATA[Implict wait time is  30]]>
    </line>
    <line>
      <![CDATA[Test failed  verifyClaimStatusSummaryDashlet]]>
    </line>
  </reporter-output>
  <suite name="Suite" duration-ms="6533" started-at="2018-02-19T11:01:58Z" finished-at="2018-02-19T11:02:04Z">
    <groups>
    </groups>
    <test name="Test" duration-ms="6533" started-at="2018-02-19T11:01:58Z" finished-at="2018-02-19T11:02:04Z">
      <class name="AllTestScripts.claimStatusSummaryDashlet">
        <test-method status="PASS" signature="openBrowser()[pri:0, instance:AllTestScripts.claimStatusSummaryDashlet@35f983a6]" name="openBrowser" is-config="true" duration-ms="6085" started-at="2018-02-19T16:31:58Z" finished-at="2018-02-19T16:32:04Z">
          <reporter-output>
            <line>
              <![CDATA[Loaded the URL  https://192.168.10.249/index.html]]>
            </line>
            <line>
              <![CDATA[Started testing on  https://192.168.10.249/index.html]]>
            </line>
            <line>
              <![CDATA[Implict wait time is  30]]>
            </line>
          </reporter-output>
        </test-method> <!-- openBrowser -->
        <test-method status="FAIL" signature="verifyClaimStatusSummaryDashlet()[pri:0, instance:AllTestScripts.claimStatusSummaryDashlet@35f983a6]" name="verifyClaimStatusSummaryDashlet" duration-ms="31" started-at="2018-02-19T16:32:04Z" finished-at="2018-02-19T16:32:04Z">
          <exception class="java.lang.NoSuchMethodError">
            <message>
              <![CDATA[org.openqa.selenium.support.ui.WebDriverWait.until(Lcom/google/common/base/Function;)Ljava/lang/Object;]]>
            </message>
            <full-stacktrace>
              <![CDATA[java.lang.NoSuchMethodError: org.openqa.selenium.support.ui.WebDriverWait.until(Lcom/google/common/base/Function;)Ljava/lang/Object;
	at AllWebPages.IndexPage.clickOnPracticeLoginbuttonIndexpage(IndexPage.java:50)
	at AllTestScripts.claimStatusSummaryDashlet.verifyClaimStatusSummaryDashlet(claimStatusSummaryDashlet.java:16)
	at sun.reflect.NativeMethodAccessorImpl.invoke0(Native Method)
	at sun.reflect.NativeMethodAccessorImpl.invoke(Unknown Source)
	at sun.reflect.DelegatingMethodAccessorImpl.invoke(Unknown Source)
	at java.lang.reflect.Method.invoke(Unknown Source)
	at org.testng.internal.MethodInvocationHelper.invokeMethod(MethodInvocationHelper.java:80)
	at org.testng.internal.Invoker.invokeMethod(Invoker.java:714)
	at org.testng.internal.Invoker.invokeTestMethod(Invoker.java:901)
	at org.testng.internal.Invoker.invokeTestMethods(Invoker.java:1231)
	at org.testng.internal.TestMethodWorker.invokeTestMethods(TestMethodWorker.java:127)
	at org.testng.internal.TestMethodWorker.run(TestMethodWorker.java:111)
	at org.testng.TestRunner.privateRun(TestRunner.java:767)
	at org.testng.TestRunner.run(TestRunner.java:617)
	at org.testng.SuiteRunner.runTest(SuiteRunner.java:334)
	at org.testng.SuiteRunner.runSequentially(SuiteRunner.java:329)
	at org.testng.SuiteRunner.privateRun(SuiteRunner.java:291)
	at org.testng.SuiteRunner.run(SuiteRunner.java:240)
	at org.testng.SuiteRunnerWorker.runSuite(SuiteRunnerWorker.java:52)
	at org.testng.SuiteRunnerWorker.run(SuiteRunnerWorker.java:86)
	at org.testng.TestNG.runSuitesSequentially(TestNG.java:1198)
	at org.testng.TestNG.runSuitesLocally(TestNG.java:1123)
	at org.testng.TestNG.run(TestNG.java:1031)
	at org.apache.maven.surefire.testng.TestNGExecutor.run(TestNGExecutor.java:282)
	at org.apache.maven.surefire.testng.TestNGXmlTestSuite.execute(TestNGXmlTestSuite.java:83)
	at org.apache.maven.surefire.testng.TestNGProvider.invoke(TestNGProvider.java:114)
	at org.apache.maven.surefire.booter.ForkedBooter.invokeProviderInSameClassLoader(ForkedBooter.java:286)
	at org.apache.maven.surefire.booter.ForkedBooter.runSuitesInProcess(ForkedBooter.java:240)
	at org.apache.maven.surefire.booter.ForkedBooter.main(ForkedBooter.java:121)
]]>
            </full-stacktrace>
          </exception> <!-- java.lang.NoSuchMethodError -->
          <reporter-output>
          </reporter-output>
        </test-method> <!-- verifyClaimStatusSummaryDashlet -->
        <test-method status="FAIL" signature="closeBrowser(org.testng.ITestResult)[pri:0, instance:AllTestScripts.claimStatusSummaryDashlet@35f983a6]" name="closeBrowser" is-config="true" duration-ms="0" started-at="2018-02-19T16:32:04Z" finished-at="2018-02-19T16:32:04Z">
          <params>
            <param index="0">
              <value>
                <![CDATA[[TestResult name=verifyClaimStatusSummaryDashlet status=FAILURE method=claimStatusSummaryDashlet.verifyClaimStatusSummaryDashlet()[pri:0, instance:AllTestScripts.claimStatusSummaryDashlet@35f983a6] output={null}]]]>
              </value>
            </param>
          </params>
          <exception class="java.lang.NoClassDefFoundError">
            <message>
              <![CDATA[org/apache/commons/io/FileUtils]]>
            </message>
            <full-stacktrace>
              <![CDATA[java.lang.NoClassDefFoundError: org/apache/commons/io/FileUtils
	at GenericMethods.Generic_Methods.clickScreenshot(Generic_Methods.java:78)
	at GenericMethods.BaseTestClass.closeBrowser(BaseTestClass.java:41)
	at sun.reflect.NativeMethodAccessorImpl.invoke0(Native Method)
	at sun.reflect.NativeMethodAccessorImpl.invoke(Unknown Source)
	at sun.reflect.DelegatingMethodAccessorImpl.invoke(Unknown Source)
	at java.lang.reflect.Method.invoke(Unknown Source)
	at org.testng.internal.MethodInvocationHelper.invokeMethod(MethodInvocationHelper.java:80)
	at org.testng.internal.Invoker.invokeConfigurationMethod(Invoker.java:564)
	at org.testng.internal.Invoker.invokeConfigurations(Invoker.java:213)
	at org.testng.internal.Invoker.invokeMethod(Invoker.java:786)
	at org.testng.internal.Invoker.invokeTestMethod(Invoker.java:901)
	at org.testng.internal.Invoker.invokeTestMethods(Invoker.java:1231)
	at org.testng.internal.TestMethodWorker.invokeTestMethods(TestMethodWorker.java:127)
	at org.testng.internal.TestMethodWorker.run(TestMethodWorker.java:111)
	at org.testng.TestRunner.privateRun(TestRunner.java:767)
	at org.testng.TestRunner.run(TestRunner.java:617)
	at org.testng.SuiteRunner.runTest(SuiteRunner.java:334)
	at org.testng.SuiteRunner.runSequentially(SuiteRunner.java:329)
	at org.testng.SuiteRunner.privateRun(SuiteRunner.java:291)
	at org.testng.SuiteRunner.run(SuiteRunner.java:240)
	at org.testng.SuiteRunnerWorker.runSuite(SuiteRunnerWorker.java:52)
	at org.testng.SuiteRunnerWorker.run(SuiteRunnerWorker.java:86)
	at org.testng.TestNG.runSuitesSequentially(TestNG.java:1198)
	at org.testng.TestNG.runSuitesLocally(TestNG.java:1123)
	at org.testng.TestNG.run(TestNG.java:1031)
	at org.apache.maven.surefire.testng.TestNGExecutor.run(TestNGExecutor.java:282)
	at org.apache.maven.surefire.testng.TestNGXmlTestSuite.execute(TestNGXmlTestSuite.java:83)
	at org.apache.maven.surefire.testng.TestNGProvider.invoke(TestNGProvider.java:114)
	at org.apache.maven.surefire.booter.ForkedBooter.invokeProviderInSameClassLoader(ForkedBooter.java:286)
	at org.apache.maven.surefire.booter.ForkedBooter.runSuitesInProcess(ForkedBooter.java:240)
	at org.apache.maven.surefire.booter.ForkedBooter.main(ForkedBooter.java:121)
Caused by: java.lang.ClassNotFoundException: org.apache.commons.io.FileUtils
	at java.net.URLClassLoader.findClass(Unknown Source)
	at java.lang.ClassLoader.loadClass(Unknown Source)
	at sun.misc.Launcher$AppClassLoader.loadClass(Unknown Source)
	at java.lang.ClassLoader.loadClass(Unknown Source)
	... 31 more
]]>
            </full-stacktrace>
          </exception> <!-- java.lang.NoClassDefFoundError -->
          <reporter-output>
            <line>
              <![CDATA[Test failed  verifyClaimStatusSummaryDashlet]]>
            </line>
          </reporter-output>
        </test-method> <!-- closeBrowser -->
      </class> <!-- AllTestScripts.claimStatusSummaryDashlet -->
      <class name="AllTestScripts.demo">
        <test-method status="SKIP" signature="openBrowser()[pri:0, instance:AllTestScripts.demo@5ebec15]" name="openBrowser" is-config="true" duration-ms="0" started-at="2018-02-19T16:32:04Z" finished-at="2018-02-19T16:32:04Z">
          <reporter-output>
          </reporter-output>
        </test-method> <!-- openBrowser -->
        <test-method status="SKIP" signature="testing()[pri:0, instance:AllTestScripts.demo@5ebec15]" name="testing" duration-ms="0" started-at="2018-02-19T16:32:04Z" finished-at="2018-02-19T16:32:04Z">
          <reporter-output>
          </reporter-output>
        </test-method> <!-- testing -->
        <test-method status="SKIP" signature="closeBrowser(org.testng.ITestResult)[pri:0, instance:AllTestScripts.demo@5ebec15]" name="closeBrowser" is-config="true" duration-ms="0" started-at="2018-02-19T16:32:04Z" finished-at="2018-02-19T16:32:04Z">
          <reporter-output>
          </reporter-output>
        </test-method> <!-- closeBrowser -->
      </class> <!-- AllTestScripts.demo -->
    </test> <!-- Test -->
  </suite> <!-- Suite -->
</testng-results>
