<?xml version="1.0" encoding="UTF-8"?>
<testng-results skipped="0" failed="2" total="2" passed="0">
  <reporter-output>
    <line>
      <![CDATA[Loaded the URL  https://192.168.10.249/index.html]]>
    </line>
    <line>
      <![CDATA[Started testing on  https://192.168.10.249/index.html]]>
    </line>
    <line>
      <![CDATA[Implict wait time is  2]]>
    </line>
    <line>
      <![CDATA[ clicked on practice page]]>
    </line>
    <line>
      <![CDATA[Entered user name for practice account   Appa]]>
    </line>
    <line>
      <![CDATA[Entered password for practice account  Welcome123]]>
    </line>
    <line>
      <![CDATA[clicked on practice  page login button]]>
    </line>
    <line>
      <![CDATA[Login is passed]]>
    </line>
    <line>
      <![CDATA[Test failed  verifyClaimStatusSummaryDashlet]]>
    </line>
    <line>
      <![CDATA[Screenshot is saved]]>
    </line>
    <line>
      <![CDATA[Loaded the URL  https://192.168.10.249/index.html]]>
    </line>
    <line>
      <![CDATA[Started testing on  https://192.168.10.249/index.html]]>
    </line>
    <line>
      <![CDATA[Implict wait time is  2]]>
    </line>
    <line>
      <![CDATA[ clicked on practice page]]>
    </line>
    <line>
      <![CDATA[Entered user name for practice account   Appa]]>
    </line>
    <line>
      <![CDATA[Entered password for practice account  Welcome123]]>
    </line>
    <line>
      <![CDATA[clicked on practice  page login button]]>
    </line>
    <line>
      <![CDATA[Login is passed]]>
    </line>
    <line>
      <![CDATA[Test failed  testing]]>
    </line>
    <line>
      <![CDATA[Screenshot is saved]]>
    </line>
  </reporter-output>
  <suite name="Suite" duration-ms="22620" started-at="2018-02-20T04:02:39Z" finished-at="2018-02-20T04:03:02Z">
    <groups>
    </groups>
    <test name="Test" duration-ms="22620" started-at="2018-02-20T04:02:39Z" finished-at="2018-02-20T04:03:02Z">
      <class name="AllTestScripts.claimStatusSummaryDashlet">
        <test-method status="PASS" signature="openBrowser()[pri:0, instance:AllTestScripts.claimStatusSummaryDashlet@6f7fd0e6]" name="openBrowser" is-config="true" duration-ms="4547" started-at="2018-02-20T09:32:39Z" finished-at="2018-02-20T09:32:44Z">
          <reporter-output>
            <line>
              <![CDATA[Loaded the URL  https://192.168.10.249/index.html]]>
            </line>
            <line>
              <![CDATA[Started testing on  https://192.168.10.249/index.html]]>
            </line>
            <line>
              <![CDATA[Implict wait time is  2]]>
            </line>
          </reporter-output>
        </test-method> <!-- openBrowser -->
        <test-method status="FAIL" signature="verifyClaimStatusSummaryDashlet()[pri:0, instance:AllTestScripts.claimStatusSummaryDashlet@6f7fd0e6]" name="verifyClaimStatusSummaryDashlet" duration-ms="5647" started-at="2018-02-20T09:32:44Z" finished-at="2018-02-20T09:32:49Z">
          <exception class="java.lang.AssertionError">
            <message>
              <![CDATA[null]]>
            </message>
            <full-stacktrace>
              <![CDATA[java.lang.AssertionError: null
	at org.testng.Assert.fail(Assert.java:94)
	at org.testng.Assert.fail(Assert.java:101)
	at AllWebPages.IndexPage.verifyPracticeLoginPageIsDisplayed(IndexPage.java:137)
	at AllTestScripts.claimStatusSummaryDashlet.verifyClaimStatusSummaryDashlet(claimStatusSummaryDashlet.java:26)
	at sun.reflect.NativeMethodAccessorImpl.invoke0(Native Method)
	at sun.reflect.NativeMethodAccessorImpl.invoke(Unknown Source)
	at sun.reflect.DelegatingMethodAccessorImpl.invoke(Unknown Source)
	at java.lang.reflect.Method.invoke(Unknown Source)
	at org.testng.internal.MethodInvocationHelper.invokeMethod(MethodInvocationHelper.java:84)
	at org.testng.internal.Invoker.invokeMethod(Invoker.java:714)
	at org.testng.internal.Invoker.invokeTestMethod(Invoker.java:901)
	at org.testng.internal.Invoker.invokeTestMethods(Invoker.java:1231)
	at org.testng.internal.TestMethodWorker.invokeTestMethods(TestMethodWorker.java:127)
	at org.testng.internal.TestMethodWorker.run(TestMethodWorker.java:111)
	at org.testng.TestRunner.privateRun(TestRunner.java:767)
	at org.testng.TestRunner.run(TestRunner.java:617)
	at org.testng.SuiteRunner.runTest(SuiteRunner.java:334)
	at org.testng.SuiteRunner.runSequentially(SuiteRunner.java:329)
	at org.testng.SuiteRunner.privateRun(SuiteRunner.java:291)
	at org.testng.SuiteRunner.run(SuiteRunner.java:240)
	at org.testng.SuiteRunnerWorker.runSuite(SuiteRunnerWorker.java:52)
	at org.testng.SuiteRunnerWorker.run(SuiteRunnerWorker.java:86)
	at org.testng.TestNG.runSuitesSequentially(TestNG.java:1224)
	at org.testng.TestNG.runSuitesLocally(TestNG.java:1149)
	at org.testng.TestNG.run(TestNG.java:1057)
	at org.testng.remote.AbstractRemoteTestNG.run(AbstractRemoteTestNG.java:114)
	at org.testng.remote.RemoteTestNG.initAndRun(RemoteTestNG.java:251)
	at org.testng.remote.RemoteTestNG.main(RemoteTestNG.java:77)
]]>
            </full-stacktrace>
          </exception> <!-- java.lang.AssertionError -->
          <reporter-output>
            <line>
              <![CDATA[ clicked on practice page]]>
            </line>
            <line>
              <![CDATA[Entered user name for practice account   Appa]]>
            </line>
            <line>
              <![CDATA[Entered password for practice account  Welcome123]]>
            </line>
            <line>
              <![CDATA[clicked on practice  page login button]]>
            </line>
            <line>
              <![CDATA[Login is passed]]>
            </line>
          </reporter-output>
        </test-method> <!-- verifyClaimStatusSummaryDashlet -->
        <test-method status="PASS" signature="closeBrowser(org.testng.ITestResult)[pri:0, instance:AllTestScripts.claimStatusSummaryDashlet@6f7fd0e6]" name="closeBrowser" is-config="true" duration-ms="1550" started-at="2018-02-20T09:32:49Z" finished-at="2018-02-20T09:32:51Z">
          <params>
            <param index="0">
              <value>
                <![CDATA[[TestResult name=verifyClaimStatusSummaryDashlet status=FAILURE method=claimStatusSummaryDashlet.verifyClaimStatusSummaryDashlet()[pri:0, instance:AllTestScripts.claimStatusSummaryDashlet@6f7fd0e6] output= clicked on practice page]]]>
              </value>
            </param>
          </params>
          <reporter-output>
            <line>
              <![CDATA[Test failed  verifyClaimStatusSummaryDashlet]]>
            </line>
            <line>
              <![CDATA[Screenshot is saved]]>
            </line>
          </reporter-output>
        </test-method> <!-- closeBrowser -->
      </class> <!-- AllTestScripts.claimStatusSummaryDashlet -->
      <class name="AllTestScripts.demo">
        <test-method status="PASS" signature="openBrowser()[pri:0, instance:AllTestScripts.demo@59fa1d9b]" name="openBrowser" is-config="true" duration-ms="4250" started-at="2018-02-20T09:32:51Z" finished-at="2018-02-20T09:32:55Z">
          <reporter-output>
            <line>
              <![CDATA[Loaded the URL  https://192.168.10.249/index.html]]>
            </line>
            <line>
              <![CDATA[Started testing on  https://192.168.10.249/index.html]]>
            </line>
            <line>
              <![CDATA[Implict wait time is  2]]>
            </line>
          </reporter-output>
        </test-method> <!-- openBrowser -->
        <test-method status="FAIL" signature="testing()[pri:0, instance:AllTestScripts.demo@59fa1d9b]" name="testing" duration-ms="5241" started-at="2018-02-20T09:32:55Z" finished-at="2018-02-20T09:33:00Z">
          <exception class="java.lang.AssertionError">
            <message>
              <![CDATA[null]]>
            </message>
            <full-stacktrace>
              <![CDATA[java.lang.AssertionError: null
	at org.testng.Assert.fail(Assert.java:94)
	at org.testng.Assert.fail(Assert.java:101)
	at AllWebPages.IndexPage.verifyPracticeLoginPageIsDisplayed(IndexPage.java:137)
	at AllTestScripts.demo.testing(demo.java:34)
	at sun.reflect.NativeMethodAccessorImpl.invoke0(Native Method)
	at sun.reflect.NativeMethodAccessorImpl.invoke(Unknown Source)
	at sun.reflect.DelegatingMethodAccessorImpl.invoke(Unknown Source)
	at java.lang.reflect.Method.invoke(Unknown Source)
	at org.testng.internal.MethodInvocationHelper.invokeMethod(MethodInvocationHelper.java:84)
	at org.testng.internal.Invoker.invokeMethod(Invoker.java:714)
	at org.testng.internal.Invoker.invokeTestMethod(Invoker.java:901)
	at org.testng.internal.Invoker.invokeTestMethods(Invoker.java:1231)
	at org.testng.internal.TestMethodWorker.invokeTestMethods(TestMethodWorker.java:127)
	at org.testng.internal.TestMethodWorker.run(TestMethodWorker.java:111)
	at org.testng.TestRunner.privateRun(TestRunner.java:767)
	at org.testng.TestRunner.run(TestRunner.java:617)
	at org.testng.SuiteRunner.runTest(SuiteRunner.java:334)
	at org.testng.SuiteRunner.runSequentially(SuiteRunner.java:329)
	at org.testng.SuiteRunner.privateRun(SuiteRunner.java:291)
	at org.testng.SuiteRunner.run(SuiteRunner.java:240)
	at org.testng.SuiteRunnerWorker.runSuite(SuiteRunnerWorker.java:52)
	at org.testng.SuiteRunnerWorker.run(SuiteRunnerWorker.java:86)
	at org.testng.TestNG.runSuitesSequentially(TestNG.java:1224)
	at org.testng.TestNG.runSuitesLocally(TestNG.java:1149)
	at org.testng.TestNG.run(TestNG.java:1057)
	at org.testng.remote.AbstractRemoteTestNG.run(AbstractRemoteTestNG.java:114)
	at org.testng.remote.RemoteTestNG.initAndRun(RemoteTestNG.java:251)
	at org.testng.remote.RemoteTestNG.main(RemoteTestNG.java:77)
]]>
            </full-stacktrace>
          </exception> <!-- java.lang.AssertionError -->
          <reporter-output>
            <line>
              <![CDATA[ clicked on practice page]]>
            </line>
            <line>
              <![CDATA[Entered user name for practice account   Appa]]>
            </line>
            <line>
              <![CDATA[Entered password for practice account  Welcome123]]>
            </line>
            <line>
              <![CDATA[clicked on practice  page login button]]>
            </line>
            <line>
              <![CDATA[Login is passed]]>
            </line>
          </reporter-output>
        </test-method> <!-- testing -->
        <test-method status="PASS" signature="closeBrowser(org.testng.ITestResult)[pri:0, instance:AllTestScripts.demo@59fa1d9b]" name="closeBrowser" is-config="true" duration-ms="1372" started-at="2018-02-20T09:33:00Z" finished-at="2018-02-20T09:33:02Z">
          <params>
            <param index="0">
              <value>
                <![CDATA[[TestResult name=testing status=FAILURE method=demo.testing()[pri:0, instance:AllTestScripts.demo@59fa1d9b] output= clicked on practice page]]]>
              </value>
            </param>
          </params>
          <reporter-output>
            <line>
              <![CDATA[Test failed  testing]]>
            </line>
            <line>
              <![CDATA[Screenshot is saved]]>
            </line>
          </reporter-output>
        </test-method> <!-- closeBrowser -->
      </class> <!-- AllTestScripts.demo -->
    </test> <!-- Test -->
  </suite> <!-- Suite -->
</testng-results>
